The target system is: Android - 1 - i686
The host system is: Linux - 4.15.0-128-generic - x86_64
Compiling the C compiler identification source file "CMakeCCompilerId.c" succeeded.
Compiler: /home/dudkiewm/Library/Android/sdk/ndk-bundle/toolchains/llvm/prebuilt/linux-x86_64/bin/clang 
Build flags: -g;-DANDROID;-fdata-sections;-ffunction-sections;-funwind-tables;-fstack-protector-strong;-no-canonical-prefixes;-D_FORTIFY_SOURCE=2;-Wformat;-Werror=format-security;
Id flags:  

The output was:
0


Compilation of the C compiler identification source "CMakeCCompilerId.c" produced "a.out"

The C compiler identification is Clang, found in "/home/dudkiewm/boden/MyFinances/build/android/std/AndroidStudio/tmp-cmake-gen/CMakeFiles/3.18.4/CompilerIdC/a.out"

Compiling the CXX compiler identification source file "CMakeCXXCompilerId.cpp" succeeded.
Compiler: /home/dudkiewm/Library/Android/sdk/ndk-bundle/toolchains/llvm/prebuilt/linux-x86_64/bin/clang++ 
Build flags: -g;-DANDROID;-fdata-sections;-ffunction-sections;-funwind-tables;-fstack-protector-strong;-no-canonical-prefixes;-D_FORTIFY_SOURCE=2;-Wformat;-Werror=format-security;;
Id flags:  

The output was:
0


Compilation of the CXX compiler identification source "CMakeCXXCompilerId.cpp" produced "a.out"

The CXX compiler identification is Clang, found in "/home/dudkiewm/boden/MyFinances/build/android/std/AndroidStudio/tmp-cmake-gen/CMakeFiles/3.18.4/CompilerIdCXX/a.out"

Detecting C compiler ABI info compiled with the following output:
Change Dir: /home/dudkiewm/boden/MyFinances/build/android/std/AndroidStudio/tmp-cmake-gen/CMakeFiles/CMakeTmp

Run Build Command(s):/usr/bin/make cmTC_45263/fast && /usr/bin/make  -f CMakeFiles/cmTC_45263.dir/build.make CMakeFiles/cmTC_45263.dir/build
make[1]: Entering directory '/home/dudkiewm/boden/MyFinances/build/android/std/AndroidStudio/tmp-cmake-gen/CMakeFiles/CMakeTmp'
Building C object CMakeFiles/cmTC_45263.dir/CMakeCCompilerABI.c.o
/home/dudkiewm/Library/Android/sdk/ndk-bundle/toolchains/llvm/prebuilt/linux-x86_64/bin/clang --target=i686-none-linux-android28 --gcc-toolchain=/home/dudkiewm/Library/Android/sdk/ndk-bundle/toolchains/llvm/prebuilt/linux-x86_64 --sysroot=/home/dudkiewm/Library/Android/sdk/ndk-bundle/toolchains/llvm/prebuilt/linux-x86_64/sysroot   -g -DANDROID -fdata-sections -ffunction-sections -funwind-tables -fstack-protector-strong -no-canonical-prefixes -D_FORTIFY_SOURCE=2 -Wformat   -fPIE   -v -o CMakeFiles/cmTC_45263.dir/CMakeCCompilerABI.c.o -c /home/dudkiewm/.local/lib/python3.6/site-packages/cmake/data/share/cmake-3.18/Modules/CMakeCCompilerABI.c
Android (6875598, based on r399163b) clang version 11.0.5 (https://android.googlesource.com/toolchain/llvm-project 87f1315dfbea7c137aa2e6d362dbb457e388158d)
Target: i686-none-linux-android28
Thread model: posix
InstalledDir: /home/dudkiewm/Library/Android/sdk/ndk-bundle/toolchains/llvm/prebuilt/linux-x86_64/bin
Found candidate GCC installation: /home/dudkiewm/Library/Android/sdk/ndk-bundle/toolchains/llvm/prebuilt/linux-x86_64/lib/gcc/i686-linux-android/4.9.x
Found candidate GCC installation: /home/dudkiewm/Library/Android/sdk/ndk-bundle/toolchains/llvm/prebuilt/linux-x86_64/lib/gcc/x86_64-linux-android/4.9.x
Selected GCC installation: /home/dudkiewm/Library/Android/sdk/ndk-bundle/toolchains/llvm/prebuilt/linux-x86_64/lib/gcc/i686-linux-android/4.9.x
Candidate multilib: .;@m32
Selected multilib: .;@m32
 (in-process)
 "/home/dudkiewm/Library/Android/sdk/ndk-bundle/toolchains/llvm/prebuilt/linux-x86_64/bin/clang" -cc1 -triple i686-none-linux-android28 -emit-obj -mrelax-all -mnoexecstack -disable-free -disable-llvm-verifier -discard-value-names -main-file-name CMakeCCompilerABI.c -mrelocation-model pic -pic-level 2 -pic-is-pie -mframe-pointer=all -fno-rounding-math -mconstructor-aliases -munwind-tables -target-cpu i686 -target-feature +ssse3 -fno-split-dwarf-inlining -debug-info-kind=limited -dwarf-version=4 -debugger-tuning=gdb -v -ffunction-sections -fdata-sections -resource-dir /home/dudkiewm/Library/Android/sdk/ndk-bundle/toolchains/llvm/prebuilt/linux-x86_64/lib64/clang/11.0.5 -D ANDROID -D _FORTIFY_SOURCE=2 -isysroot /home/dudkiewm/Library/Android/sdk/ndk-bundle/toolchains/llvm/prebuilt/linux-x86_64/sysroot -internal-isystem /home/dudkiewm/Library/Android/sdk/ndk-bundle/toolchains/llvm/prebuilt/linux-x86_64/sysroot/usr/local/include -internal-isystem /home/dudkiewm/Library/Android/sdk/ndk-bundle/toolchains/llvm/prebuilt/linux-x86_64/lib64/clang/11.0.5/include -internal-externc-isystem /home/dudkiewm/Library/Android/sdk/ndk-bundle/toolchains/llvm/prebuilt/linux-x86_64/sysroot/usr/include/i686-linux-android -internal-externc-isystem /home/dudkiewm/Library/Android/sdk/ndk-bundle/toolchains/llvm/prebuilt/linux-x86_64/sysroot/include -internal-externc-isystem /home/dudkiewm/Library/Android/sdk/ndk-bundle/toolchains/llvm/prebuilt/linux-x86_64/sysroot/usr/include -Wformat -fdebug-compilation-dir /home/dudkiewm/boden/MyFinances/build/android/std/AndroidStudio/tmp-cmake-gen/CMakeFiles/CMakeTmp -ferror-limit 19 -stack-protector 2 -fgnuc-version=4.2.1 -o CMakeFiles/cmTC_45263.dir/CMakeCCompilerABI.c.o -x c /home/dudkiewm/.local/lib/python3.6/site-packages/cmake/data/share/cmake-3.18/Modules/CMakeCCompilerABI.c
clang -cc1 version 11.0.5 based upon LLVM 11.0.5git default target x86_64-unknown-linux-gnu
ignoring nonexistent directory "/home/dudkiewm/Library/Android/sdk/ndk-bundle/toolchains/llvm/prebuilt/linux-x86_64/sysroot/include"
#include "..." search starts here:
#include <...> search starts here:
 /home/dudkiewm/Library/Android/sdk/ndk-bundle/toolchains/llvm/prebuilt/linux-x86_64/sysroot/usr/local/include
 /home/dudkiewm/Library/Android/sdk/ndk-bundle/toolchains/llvm/prebuilt/linux-x86_64/lib64/clang/11.0.5/include
 /home/dudkiewm/Library/Android/sdk/ndk-bundle/toolchains/llvm/prebuilt/linux-x86_64/sysroot/usr/include/i686-linux-android
 /home/dudkiewm/Library/Android/sdk/ndk-bundle/toolchains/llvm/prebuilt/linux-x86_64/sysroot/usr/include
End of search list.
Linking C executable cmTC_45263
/home/dudkiewm/.local/lib/python3.6/site-packages/cmake/data/bin/cmake -E cmake_link_script CMakeFiles/cmTC_45263.dir/link.txt --verbose=1
/home/dudkiewm/Library/Android/sdk/ndk-bundle/toolchains/llvm/prebuilt/linux-x86_64/bin/clang --target=i686-none-linux-android28 --gcc-toolchain=/home/dudkiewm/Library/Android/sdk/ndk-bundle/toolchains/llvm/prebuilt/linux-x86_64 --sysroot=/home/dudkiewm/Library/Android/sdk/ndk-bundle/toolchains/llvm/prebuilt/linux-x86_64/sysroot -g -DANDROID -fdata-sections -ffunction-sections -funwind-tables -fstack-protector-strong -no-canonical-prefixes -D_FORTIFY_SOURCE=2 -Wformat   -Wl,--exclude-libs,libgcc.a -Wl,--exclude-libs,libgcc_real.a -Wl,--exclude-libs,libatomic.a -static-libstdc++ -Wl,--build-id=sha1 -Wl,--no-rosegment -Wl,--fatal-warnings -Wl,--no-undefined -Qunused-arguments -Wl,--gc-sections  -v CMakeFiles/cmTC_45263.dir/CMakeCCompilerABI.c.o -o cmTC_45263 
Android (6875598, based on r399163b) clang version 11.0.5 (https://android.googlesource.com/toolchain/llvm-project 87f1315dfbea7c137aa2e6d362dbb457e388158d)
Target: i686-none-linux-android28
Thread model: posix
InstalledDir: /home/dudkiewm/Library/Android/sdk/ndk-bundle/toolchains/llvm/prebuilt/linux-x86_64/bin
Found candidate GCC installation: /home/dudkiewm/Library/Android/sdk/ndk-bundle/toolchains/llvm/prebuilt/linux-x86_64/lib/gcc/i686-linux-android/4.9.x
Found candidate GCC installation: /home/dudkiewm/Library/Android/sdk/ndk-bundle/toolchains/llvm/prebuilt/linux-x86_64/lib/gcc/x86_64-linux-android/4.9.x
Selected GCC installation: /home/dudkiewm/Library/Android/sdk/ndk-bundle/toolchains/llvm/prebuilt/linux-x86_64/lib/gcc/i686-linux-android/4.9.x
Candidate multilib: .;@m32
Selected multilib: .;@m32
 "/home/dudkiewm/Library/Android/sdk/ndk-bundle/toolchains/llvm/prebuilt/linux-x86_64/bin/ld" --sysroot=/home/dudkiewm/Library/Android/sdk/ndk-bundle/toolchains/llvm/prebuilt/linux-x86_64/sysroot -pie -z noexecstack --warn-shared-textrel -z now -z relro --hash-style=gnu --enable-new-dtags --eh-frame-hdr -m elf_i386 -dynamic-linker /system/bin/linker -o cmTC_45263 /home/dudkiewm/Library/Android/sdk/ndk-bundle/toolchains/llvm/prebuilt/linux-x86_64/sysroot/usr/lib/i686-linux-android/28/crtbegin_dynamic.o -L/home/dudkiewm/Library/Android/sdk/ndk-bundle/toolchains/llvm/prebuilt/linux-x86_64/lib64/clang/11.0.5/lib/linux/i386 -L/home/dudkiewm/Library/Android/sdk/ndk-bundle/toolchains/llvm/prebuilt/linux-x86_64/lib/gcc/i686-linux-android/4.9.x -L/home/dudkiewm/Library/Android/sdk/ndk-bundle/toolchains/llvm/prebuilt/linux-x86_64/sysroot/usr/lib/i686-linux-android/28 -L/home/dudkiewm/Library/Android/sdk/ndk-bundle/toolchains/llvm/prebuilt/linux-x86_64/sysroot/usr/lib/i686-linux-android -L/home/dudkiewm/Library/Android/sdk/ndk-bundle/toolchains/llvm/prebuilt/linux-x86_64/lib/gcc/i686-linux-android/4.9.x/../../../../i686-linux-android/lib -L/home/dudkiewm/Library/Android/sdk/ndk-bundle/toolchains/llvm/prebuilt/linux-x86_64/sysroot/usr/lib --exclude-libs libgcc.a --exclude-libs libgcc_real.a --exclude-libs libatomic.a --build-id=sha1 --no-rosegment --fatal-warnings --no-undefined --gc-sections CMakeFiles/cmTC_45263.dir/CMakeCCompilerABI.c.o -lgcc -ldl -lc -lgcc -ldl /home/dudkiewm/Library/Android/sdk/ndk-bundle/toolchains/llvm/prebuilt/linux-x86_64/sysroot/usr/lib/i686-linux-android/28/crtend_android.o
make[1]: Leaving directory '/home/dudkiewm/boden/MyFinances/build/android/std/AndroidStudio/tmp-cmake-gen/CMakeFiles/CMakeTmp'



Parsed C implicit include dir info from above output: rv=done
  found start of include info
  found start of implicit include info
    add: [/home/dudkiewm/Library/Android/sdk/ndk-bundle/toolchains/llvm/prebuilt/linux-x86_64/sysroot/usr/local/include]
    add: [/home/dudkiewm/Library/Android/sdk/ndk-bundle/toolchains/llvm/prebuilt/linux-x86_64/lib64/clang/11.0.5/include]
    add: [/home/dudkiewm/Library/Android/sdk/ndk-bundle/toolchains/llvm/prebuilt/linux-x86_64/sysroot/usr/include/i686-linux-android]
    add: [/home/dudkiewm/Library/Android/sdk/ndk-bundle/toolchains/llvm/prebuilt/linux-x86_64/sysroot/usr/include]
  end of search list found
  collapse include dir [/home/dudkiewm/Library/Android/sdk/ndk-bundle/toolchains/llvm/prebuilt/linux-x86_64/sysroot/usr/local/include] ==> [/home/dudkiewm/Library/Android/sdk/ndk-bundle/toolchains/llvm/prebuilt/linux-x86_64/sysroot/usr/local/include]
  collapse include dir [/home/dudkiewm/Library/Android/sdk/ndk-bundle/toolchains/llvm/prebuilt/linux-x86_64/lib64/clang/11.0.5/include] ==> [/home/dudkiewm/Library/Android/sdk/ndk-bundle/toolchains/llvm/prebuilt/linux-x86_64/lib64/clang/11.0.5/include]
  collapse include dir [/home/dudkiewm/Library/Android/sdk/ndk-bundle/toolchains/llvm/prebuilt/linux-x86_64/sysroot/usr/include/i686-linux-android] ==> [/home/dudkiewm/Library/Android/sdk/ndk-bundle/toolchains/llvm/prebuilt/linux-x86_64/sysroot/usr/include/i686-linux-android]
  collapse include dir [/home/dudkiewm/Library/Android/sdk/ndk-bundle/toolchains/llvm/prebuilt/linux-x86_64/sysroot/usr/include] ==> [/home/dudkiewm/Library/Android/sdk/ndk-bundle/toolchains/llvm/prebuilt/linux-x86_64/sysroot/usr/include]
  implicit include dirs: [/home/dudkiewm/Library/Android/sdk/ndk-bundle/toolchains/llvm/prebuilt/linux-x86_64/sysroot/usr/local/include;/home/dudkiewm/Library/Android/sdk/ndk-bundle/toolchains/llvm/prebuilt/linux-x86_64/lib64/clang/11.0.5/include;/home/dudkiewm/Library/Android/sdk/ndk-bundle/toolchains/llvm/prebuilt/linux-x86_64/sysroot/usr/include/i686-linux-android;/home/dudkiewm/Library/Android/sdk/ndk-bundle/toolchains/llvm/prebuilt/linux-x86_64/sysroot/usr/include]


Parsed C implicit link information from above output:
  link line regex: [^( *|.*[/\])(ld\.lld|CMAKE_LINK_STARTFILE-NOTFOUND|([^/\]+-)?ld|collect2)[^/\]*( |$)]
  ignore line: [Change Dir: /home/dudkiewm/boden/MyFinances/build/android/std/AndroidStudio/tmp-cmake-gen/CMakeFiles/CMakeTmp]
  ignore line: []
  ignore line: [Run Build Command(s):/usr/bin/make cmTC_45263/fast && /usr/bin/make  -f CMakeFiles/cmTC_45263.dir/build.make CMakeFiles/cmTC_45263.dir/build]
  ignore line: [make[1]: Entering directory '/home/dudkiewm/boden/MyFinances/build/android/std/AndroidStudio/tmp-cmake-gen/CMakeFiles/CMakeTmp']
  ignore line: [Building C object CMakeFiles/cmTC_45263.dir/CMakeCCompilerABI.c.o]
  ignore line: [/home/dudkiewm/Library/Android/sdk/ndk-bundle/toolchains/llvm/prebuilt/linux-x86_64/bin/clang --target=i686-none-linux-android28 --gcc-toolchain=/home/dudkiewm/Library/Android/sdk/ndk-bundle/toolchains/llvm/prebuilt/linux-x86_64 --sysroot=/home/dudkiewm/Library/Android/sdk/ndk-bundle/toolchains/llvm/prebuilt/linux-x86_64/sysroot   -g -DANDROID -fdata-sections -ffunction-sections -funwind-tables -fstack-protector-strong -no-canonical-prefixes -D_FORTIFY_SOURCE=2 -Wformat   -fPIE   -v -o CMakeFiles/cmTC_45263.dir/CMakeCCompilerABI.c.o -c /home/dudkiewm/.local/lib/python3.6/site-packages/cmake/data/share/cmake-3.18/Modules/CMakeCCompilerABI.c]
  ignore line: [Android (6875598  based on r399163b) clang version 11.0.5 (https://android.googlesource.com/toolchain/llvm-project 87f1315dfbea7c137aa2e6d362dbb457e388158d)]
  ignore line: [Target: i686-none-linux-android28]
  ignore line: [Thread model: posix]
  ignore line: [InstalledDir: /home/dudkiewm/Library/Android/sdk/ndk-bundle/toolchains/llvm/prebuilt/linux-x86_64/bin]
  ignore line: [Found candidate GCC installation: /home/dudkiewm/Library/Android/sdk/ndk-bundle/toolchains/llvm/prebuilt/linux-x86_64/lib/gcc/i686-linux-android/4.9.x]
  ignore line: [Found candidate GCC installation: /home/dudkiewm/Library/Android/sdk/ndk-bundle/toolchains/llvm/prebuilt/linux-x86_64/lib/gcc/x86_64-linux-android/4.9.x]
  ignore line: [Selected GCC installation: /home/dudkiewm/Library/Android/sdk/ndk-bundle/toolchains/llvm/prebuilt/linux-x86_64/lib/gcc/i686-linux-android/4.9.x]
  ignore line: [Candidate multilib: .]
  ignore line: [@m32]
  ignore line: [Selected multilib: .]
  ignore line: [@m32]
  ignore line: [ (in-process)]
  ignore line: [ "/home/dudkiewm/Library/Android/sdk/ndk-bundle/toolchains/llvm/prebuilt/linux-x86_64/bin/clang" -cc1 -triple i686-none-linux-android28 -emit-obj -mrelax-all -mnoexecstack -disable-free -disable-llvm-verifier -discard-value-names -main-file-name CMakeCCompilerABI.c -mrelocation-model pic -pic-level 2 -pic-is-pie -mframe-pointer=all -fno-rounding-math -mconstructor-aliases -munwind-tables -target-cpu i686 -target-feature +ssse3 -fno-split-dwarf-inlining -debug-info-kind=limited -dwarf-version=4 -debugger-tuning=gdb -v -ffunction-sections -fdata-sections -resource-dir /home/dudkiewm/Library/Android/sdk/ndk-bundle/toolchains/llvm/prebuilt/linux-x86_64/lib64/clang/11.0.5 -D ANDROID -D _FORTIFY_SOURCE=2 -isysroot /home/dudkiewm/Library/Android/sdk/ndk-bundle/toolchains/llvm/prebuilt/linux-x86_64/sysroot -internal-isystem /home/dudkiewm/Library/Android/sdk/ndk-bundle/toolchains/llvm/prebuilt/linux-x86_64/sysroot/usr/local/include -internal-isystem /home/dudkiewm/Library/Android/sdk/ndk-bundle/toolchains/llvm/prebuilt/linux-x86_64/lib64/clang/11.0.5/include -internal-externc-isystem /home/dudkiewm/Library/Android/sdk/ndk-bundle/toolchains/llvm/prebuilt/linux-x86_64/sysroot/usr/include/i686-linux-android -internal-externc-isystem /home/dudkiewm/Library/Android/sdk/ndk-bundle/toolchains/llvm/prebuilt/linux-x86_64/sysroot/include -internal-externc-isystem /home/dudkiewm/Library/Android/sdk/ndk-bundle/toolchains/llvm/prebuilt/linux-x86_64/sysroot/usr/include -Wformat -fdebug-compilation-dir /home/dudkiewm/boden/MyFinances/build/android/std/AndroidStudio/tmp-cmake-gen/CMakeFiles/CMakeTmp -ferror-limit 19 -stack-protector 2 -fgnuc-version=4.2.1 -o CMakeFiles/cmTC_45263.dir/CMakeCCompilerABI.c.o -x c /home/dudkiewm/.local/lib/python3.6/site-packages/cmake/data/share/cmake-3.18/Modules/CMakeCCompilerABI.c]
  ignore line: [clang -cc1 version 11.0.5 based upon LLVM 11.0.5git default target x86_64-unknown-linux-gnu]
  ignore line: [ignoring nonexistent directory "/home/dudkiewm/Library/Android/sdk/ndk-bundle/toolchains/llvm/prebuilt/linux-x86_64/sysroot/include"]
  ignore line: [#include "..." search starts here:]
  ignore line: [#include <...> search starts here:]
  ignore line: [ /home/dudkiewm/Library/Android/sdk/ndk-bundle/toolchains/llvm/prebuilt/linux-x86_64/sysroot/usr/local/include]
  ignore line: [ /home/dudkiewm/Library/Android/sdk/ndk-bundle/toolchains/llvm/prebuilt/linux-x86_64/lib64/clang/11.0.5/include]
  ignore line: [ /home/dudkiewm/Library/Android/sdk/ndk-bundle/toolchains/llvm/prebuilt/linux-x86_64/sysroot/usr/include/i686-linux-android]
  ignore line: [ /home/dudkiewm/Library/Android/sdk/ndk-bundle/toolchains/llvm/prebuilt/linux-x86_64/sysroot/usr/include]
  ignore line: [End of search list.]
  ignore line: [Linking C executable cmTC_45263]
  ignore line: [/home/dudkiewm/.local/lib/python3.6/site-packages/cmake/data/bin/cmake -E cmake_link_script CMakeFiles/cmTC_45263.dir/link.txt --verbose=1]
  ignore line: [/home/dudkiewm/Library/Android/sdk/ndk-bundle/toolchains/llvm/prebuilt/linux-x86_64/bin/clang --target=i686-none-linux-android28 --gcc-toolchain=/home/dudkiewm/Library/Android/sdk/ndk-bundle/toolchains/llvm/prebuilt/linux-x86_64 --sysroot=/home/dudkiewm/Library/Android/sdk/ndk-bundle/toolchains/llvm/prebuilt/linux-x86_64/sysroot -g -DANDROID -fdata-sections -ffunction-sections -funwind-tables -fstack-protector-strong -no-canonical-prefixes -D_FORTIFY_SOURCE=2 -Wformat   -Wl --exclude-libs libgcc.a -Wl --exclude-libs libgcc_real.a -Wl --exclude-libs libatomic.a -static-libstdc++ -Wl --build-id=sha1 -Wl --no-rosegment -Wl --fatal-warnings -Wl --no-undefined -Qunused-arguments -Wl --gc-sections  -v CMakeFiles/cmTC_45263.dir/CMakeCCompilerABI.c.o -o cmTC_45263 ]
  ignore line: [Android (6875598  based on r399163b) clang version 11.0.5 (https://android.googlesource.com/toolchain/llvm-project 87f1315dfbea7c137aa2e6d362dbb457e388158d)]
  ignore line: [Target: i686-none-linux-android28]
  ignore line: [Thread model: posix]
  ignore line: [InstalledDir: /home/dudkiewm/Library/Android/sdk/ndk-bundle/toolchains/llvm/prebuilt/linux-x86_64/bin]
  ignore line: [Found candidate GCC installation: /home/dudkiewm/Library/Android/sdk/ndk-bundle/toolchains/llvm/prebuilt/linux-x86_64/lib/gcc/i686-linux-android/4.9.x]
  ignore line: [Found candidate GCC installation: /home/dudkiewm/Library/Android/sdk/ndk-bundle/toolchains/llvm/prebuilt/linux-x86_64/lib/gcc/x86_64-linux-android/4.9.x]
  ignore line: [Selected GCC installation: /home/dudkiewm/Library/Android/sdk/ndk-bundle/toolchains/llvm/prebuilt/linux-x86_64/lib/gcc/i686-linux-android/4.9.x]
  ignore line: [Candidate multilib: .]
  ignore line: [@m32]
  ignore line: [Selected multilib: .]
  ignore line: [@m32]
  link line: [ "/home/dudkiewm/Library/Android/sdk/ndk-bundle/toolchains/llvm/prebuilt/linux-x86_64/bin/ld" --sysroot=/home/dudkiewm/Library/Android/sdk/ndk-bundle/toolchains/llvm/prebuilt/linux-x86_64/sysroot -pie -z noexecstack --warn-shared-textrel -z now -z relro --hash-style=gnu --enable-new-dtags --eh-frame-hdr -m elf_i386 -dynamic-linker /system/bin/linker -o cmTC_45263 /home/dudkiewm/Library/Android/sdk/ndk-bundle/toolchains/llvm/prebuilt/linux-x86_64/sysroot/usr/lib/i686-linux-android/28/crtbegin_dynamic.o -L/home/dudkiewm/Library/Android/sdk/ndk-bundle/toolchains/llvm/prebuilt/linux-x86_64/lib64/clang/11.0.5/lib/linux/i386 -L/home/dudkiewm/Library/Android/sdk/ndk-bundle/toolchains/llvm/prebuilt/linux-x86_64/lib/gcc/i686-linux-android/4.9.x -L/home/dudkiewm/Library/Android/sdk/ndk-bundle/toolchains/llvm/prebuilt/linux-x86_64/sysroot/usr/lib/i686-linux-android/28 -L/home/dudkiewm/Library/Android/sdk/ndk-bundle/toolchains/llvm/prebuilt/linux-x86_64/sysroot/usr/lib/i686-linux-android -L/home/dudkiewm/Library/Android/sdk/ndk-bundle/toolchains/llvm/prebuilt/linux-x86_64/lib/gcc/i686-linux-android/4.9.x/../../../../i686-linux-android/lib -L/home/dudkiewm/Library/Android/sdk/ndk-bundle/toolchains/llvm/prebuilt/linux-x86_64/sysroot/usr/lib --exclude-libs libgcc.a --exclude-libs libgcc_real.a --exclude-libs libatomic.a --build-id=sha1 --no-rosegment --fatal-warnings --no-undefined --gc-sections CMakeFiles/cmTC_45263.dir/CMakeCCompilerABI.c.o -lgcc -ldl -lc -lgcc -ldl /home/dudkiewm/Library/Android/sdk/ndk-bundle/toolchains/llvm/prebuilt/linux-x86_64/sysroot/usr/lib/i686-linux-android/28/crtend_android.o]
    arg [/home/dudkiewm/Library/Android/sdk/ndk-bundle/toolchains/llvm/prebuilt/linux-x86_64/bin/ld] ==> ignore
    arg [--sysroot=/home/dudkiewm/Library/Android/sdk/ndk-bundle/toolchains/llvm/prebuilt/linux-x86_64/sysroot] ==> ignore
    arg [-pie] ==> ignore
    arg [-znoexecstack] ==> ignore
    arg [--warn-shared-textrel] ==> ignore
    arg [-znow] ==> ignore
    arg [-zrelro] ==> ignore
    arg [--hash-style=gnu] ==> ignore
    arg [--enable-new-dtags] ==> ignore
    arg [--eh-frame-hdr] ==> ignore
    arg [-m] ==> ignore
    arg [elf_i386] ==> ignore
    arg [-dynamic-linker] ==> ignore
    arg [/system/bin/linker] ==> ignore
    arg [-o] ==> ignore
    arg [cmTC_45263] ==> ignore
    arg [/home/dudkiewm/Library/Android/sdk/ndk-bundle/toolchains/llvm/prebuilt/linux-x86_64/sysroot/usr/lib/i686-linux-android/28/crtbegin_dynamic.o] ==> ignore
    arg [-L/home/dudkiewm/Library/Android/sdk/ndk-bundle/toolchains/llvm/prebuilt/linux-x86_64/lib64/clang/11.0.5/lib/linux/i386] ==> dir [/home/dudkiewm/Library/Android/sdk/ndk-bundle/toolchains/llvm/prebuilt/linux-x86_64/lib64/clang/11.0.5/lib/linux/i386]
    arg [-L/home/dudkiewm/Library/Android/sdk/ndk-bundle/toolchains/llvm/prebuilt/linux-x86_64/lib/gcc/i686-linux-android/4.9.x] ==> dir [/home/dudkiewm/Library/Android/sdk/ndk-bundle/toolchains/llvm/prebuilt/linux-x86_64/lib/gcc/i686-linux-android/4.9.x]
    arg [-L/home/dudkiewm/Library/Android/sdk/ndk-bundle/toolchains/llvm/prebuilt/linux-x86_64/sysroot/usr/lib/i686-linux-android/28] ==> dir [/home/dudkiewm/Library/Android/sdk/ndk-bundle/toolchains/llvm/prebuilt/linux-x86_64/sysroot/usr/lib/i686-linux-android/28]
    arg [-L/home/dudkiewm/Library/Android/sdk/ndk-bundle/toolchains/llvm/prebuilt/linux-x86_64/sysroot/usr/lib/i686-linux-android] ==> dir [/home/dudkiewm/Library/Android/sdk/ndk-bundle/toolchains/llvm/prebuilt/linux-x86_64/sysroot/usr/lib/i686-linux-android]
    arg [-L/home/dudkiewm/Library/Android/sdk/ndk-bundle/toolchains/llvm/prebuilt/linux-x86_64/lib/gcc/i686-linux-android/4.9.x/../../../../i686-linux-android/lib] ==> dir [/home/dudkiewm/Library/Android/sdk/ndk-bundle/toolchains/llvm/prebuilt/linux-x86_64/lib/gcc/i686-linux-android/4.9.x/../../../../i686-linux-android/lib]
    arg [-L/home/dudkiewm/Library/Android/sdk/ndk-bundle/toolchains/llvm/prebuilt/linux-x86_64/sysroot/usr/lib] ==> dir [/home/dudkiewm/Library/Android/sdk/ndk-bundle/toolchains/llvm/prebuilt/linux-x86_64/sysroot/usr/lib]
    arg [--exclude-libs] ==> ignore
    arg [libgcc.a] ==> ignore
    arg [--exclude-libs] ==> ignore
    arg [libgcc_real.a] ==> ignore
    arg [--exclude-libs] ==> ignore
    arg [libatomic.a] ==> ignore
    arg [--build-id=sha1] ==> ignore
    arg [--no-rosegment] ==> ignore
    arg [--fatal-warnings] ==> ignore
    arg [--no-undefined] ==> ignore
    arg [--gc-sections] ==> ignore
    arg [CMakeFiles/cmTC_45263.dir/CMakeCCompilerABI.c.o] ==> ignore
    arg [-lgcc] ==> lib [gcc]
    arg [-ldl] ==> lib [dl]
    arg [-lc] ==> lib [c]
    arg [-lgcc] ==> lib [gcc]
    arg [-ldl] ==> lib [dl]
    arg [/home/dudkiewm/Library/Android/sdk/ndk-bundle/toolchains/llvm/prebuilt/linux-x86_64/sysroot/usr/lib/i686-linux-android/28/crtend_android.o] ==> ignore
  collapse library dir [/home/dudkiewm/Library/Android/sdk/ndk-bundle/toolchains/llvm/prebuilt/linux-x86_64/lib64/clang/11.0.5/lib/linux/i386] ==> [/home/dudkiewm/Library/Android/sdk/ndk-bundle/toolchains/llvm/prebuilt/linux-x86_64/lib64/clang/11.0.5/lib/linux/i386]
  collapse library dir [/home/dudkiewm/Library/Android/sdk/ndk-bundle/toolchains/llvm/prebuilt/linux-x86_64/lib/gcc/i686-linux-android/4.9.x] ==> [/home/dudkiewm/Library/Android/sdk/ndk-bundle/toolchains/llvm/prebuilt/linux-x86_64/lib/gcc/i686-linux-android/4.9.x]
  collapse library dir [/home/dudkiewm/Library/Android/sdk/ndk-bundle/toolchains/llvm/prebuilt/linux-x86_64/sysroot/usr/lib/i686-linux-android/28] ==> [/home/dudkiewm/Library/Android/sdk/ndk-bundle/toolchains/llvm/prebuilt/linux-x86_64/sysroot/usr/lib/i686-linux-android/28]
  collapse library dir [/home/dudkiewm/Library/Android/sdk/ndk-bundle/toolchains/llvm/prebuilt/linux-x86_64/sysroot/usr/lib/i686-linux-android] ==> [/home/dudkiewm/Library/Android/sdk/ndk-bundle/toolchains/llvm/prebuilt/linux-x86_64/sysroot/usr/lib/i686-linux-android]
  collapse library dir [/home/dudkiewm/Library/Android/sdk/ndk-bundle/toolchains/llvm/prebuilt/linux-x86_64/lib/gcc/i686-linux-android/4.9.x/../../../../i686-linux-android/lib] ==> [/home/dudkiewm/Library/Android/sdk/ndk-bundle/toolchains/llvm/prebuilt/linux-x86_64/i686-linux-android/lib]
  collapse library dir [/home/dudkiewm/Library/Android/sdk/ndk-bundle/toolchains/llvm/prebuilt/linux-x86_64/sysroot/usr/lib] ==> [/home/dudkiewm/Library/Android/sdk/ndk-bundle/toolchains/llvm/prebuilt/linux-x86_64/sysroot/usr/lib]
  implicit libs: [gcc;dl;c;gcc;dl]
  implicit dirs: [/home/dudkiewm/Library/Android/sdk/ndk-bundle/toolchains/llvm/prebuilt/linux-x86_64/lib64/clang/11.0.5/lib/linux/i386;/home/dudkiewm/Library/Android/sdk/ndk-bundle/toolchains/llvm/prebuilt/linux-x86_64/lib/gcc/i686-linux-android/4.9.x;/home/dudkiewm/Library/Android/sdk/ndk-bundle/toolchains/llvm/prebuilt/linux-x86_64/sysroot/usr/lib/i686-linux-android/28;/home/dudkiewm/Library/Android/sdk/ndk-bundle/toolchains/llvm/prebuilt/linux-x86_64/sysroot/usr/lib/i686-linux-android;/home/dudkiewm/Library/Android/sdk/ndk-bundle/toolchains/llvm/prebuilt/linux-x86_64/i686-linux-android/lib;/home/dudkiewm/Library/Android/sdk/ndk-bundle/toolchains/llvm/prebuilt/linux-x86_64/sysroot/usr/lib]
  implicit fwks: []


Detecting CXX compiler ABI info compiled with the following output:
Change Dir: /home/dudkiewm/boden/MyFinances/build/android/std/AndroidStudio/tmp-cmake-gen/CMakeFiles/CMakeTmp

Run Build Command(s):/usr/bin/make cmTC_06e13/fast && /usr/bin/make  -f CMakeFiles/cmTC_06e13.dir/build.make CMakeFiles/cmTC_06e13.dir/build
make[1]: Entering directory '/home/dudkiewm/boden/MyFinances/build/android/std/AndroidStudio/tmp-cmake-gen/CMakeFiles/CMakeTmp'
Building CXX object CMakeFiles/cmTC_06e13.dir/CMakeCXXCompilerABI.cpp.o
/home/dudkiewm/Library/Android/sdk/ndk-bundle/toolchains/llvm/prebuilt/linux-x86_64/bin/clang++ --target=i686-none-linux-android28 --gcc-toolchain=/home/dudkiewm/Library/Android/sdk/ndk-bundle/toolchains/llvm/prebuilt/linux-x86_64 --sysroot=/home/dudkiewm/Library/Android/sdk/ndk-bundle/toolchains/llvm/prebuilt/linux-x86_64/sysroot   -g -DANDROID -fdata-sections -ffunction-sections -funwind-tables -fstack-protector-strong -no-canonical-prefixes -D_FORTIFY_SOURCE=2 -Wformat    -fPIE   -v -o CMakeFiles/cmTC_06e13.dir/CMakeCXXCompilerABI.cpp.o -c /home/dudkiewm/.local/lib/python3.6/site-packages/cmake/data/share/cmake-3.18/Modules/CMakeCXXCompilerABI.cpp
Android (6875598, based on r399163b) clang version 11.0.5 (https://android.googlesource.com/toolchain/llvm-project 87f1315dfbea7c137aa2e6d362dbb457e388158d)
Target: i686-none-linux-android28
Thread model: posix
InstalledDir: /home/dudkiewm/Library/Android/sdk/ndk-bundle/toolchains/llvm/prebuilt/linux-x86_64/bin
Found candidate GCC installation: /home/dudkiewm/Library/Android/sdk/ndk-bundle/toolchains/llvm/prebuilt/linux-x86_64/lib/gcc/i686-linux-android/4.9.x
Found candidate GCC installation: /home/dudkiewm/Library/Android/sdk/ndk-bundle/toolchains/llvm/prebuilt/linux-x86_64/lib/gcc/x86_64-linux-android/4.9.x
Selected GCC installation: /home/dudkiewm/Library/Android/sdk/ndk-bundle/toolchains/llvm/prebuilt/linux-x86_64/lib/gcc/i686-linux-android/4.9.x
Candidate multilib: .;@m32
Selected multilib: .;@m32
 (in-process)
 "/home/dudkiewm/Library/Android/sdk/ndk-bundle/toolchains/llvm/prebuilt/linux-x86_64/bin/clang++" -cc1 -triple i686-none-linux-android28 -emit-obj -mrelax-all -mnoexecstack -disable-free -disable-llvm-verifier -discard-value-names -main-file-name CMakeCXXCompilerABI.cpp -mrelocation-model pic -pic-level 2 -pic-is-pie -mframe-pointer=all -fno-rounding-math -mconstructor-aliases -munwind-tables -target-cpu i686 -target-feature +ssse3 -fno-split-dwarf-inlining -debug-info-kind=limited -dwarf-version=4 -debugger-tuning=gdb -v -ffunction-sections -fdata-sections -resource-dir /home/dudkiewm/Library/Android/sdk/ndk-bundle/toolchains/llvm/prebuilt/linux-x86_64/lib64/clang/11.0.5 -D ANDROID -D _FORTIFY_SOURCE=2 -isysroot /home/dudkiewm/Library/Android/sdk/ndk-bundle/toolchains/llvm/prebuilt/linux-x86_64/sysroot -internal-isystem /home/dudkiewm/Library/Android/sdk/ndk-bundle/toolchains/llvm/prebuilt/linux-x86_64/sysroot/usr/include/c++/v1 -internal-isystem /home/dudkiewm/Library/Android/sdk/ndk-bundle/toolchains/llvm/prebuilt/linux-x86_64/sysroot/usr/local/include -internal-isystem /home/dudkiewm/Library/Android/sdk/ndk-bundle/toolchains/llvm/prebuilt/linux-x86_64/lib64/clang/11.0.5/include -internal-externc-isystem /home/dudkiewm/Library/Android/sdk/ndk-bundle/toolchains/llvm/prebuilt/linux-x86_64/sysroot/usr/include/i686-linux-android -internal-externc-isystem /home/dudkiewm/Library/Android/sdk/ndk-bundle/toolchains/llvm/prebuilt/linux-x86_64/sysroot/include -internal-externc-isystem /home/dudkiewm/Library/Android/sdk/ndk-bundle/toolchains/llvm/prebuilt/linux-x86_64/sysroot/usr/include -Wformat -fdeprecated-macro -fdebug-compilation-dir /home/dudkiewm/boden/MyFinances/build/android/std/AndroidStudio/tmp-cmake-gen/CMakeFiles/CMakeTmp -ferror-limit 19 -stack-protector 2 -fgnuc-version=4.2.1 -fcxx-exceptions -fexceptions -o CMakeFiles/cmTC_06e13.dir/CMakeCXXCompilerABI.cpp.o -x c++ /home/dudkiewm/.local/lib/python3.6/site-packages/cmake/data/share/cmake-3.18/Modules/CMakeCXXCompilerABI.cpp
clang -cc1 version 11.0.5 based upon LLVM 11.0.5git default target x86_64-unknown-linux-gnu
ignoring nonexistent directory "/home/dudkiewm/Library/Android/sdk/ndk-bundle/toolchains/llvm/prebuilt/linux-x86_64/sysroot/include"
#include "..." search starts here:
#include <...> search starts here:
 /home/dudkiewm/Library/Android/sdk/ndk-bundle/toolchains/llvm/prebuilt/linux-x86_64/sysroot/usr/include/c++/v1
 /home/dudkiewm/Library/Android/sdk/ndk-bundle/toolchains/llvm/prebuilt/linux-x86_64/sysroot/usr/local/include
 /home/dudkiewm/Library/Android/sdk/ndk-bundle/toolchains/llvm/prebuilt/linux-x86_64/lib64/clang/11.0.5/include
 /home/dudkiewm/Library/Android/sdk/ndk-bundle/toolchains/llvm/prebuilt/linux-x86_64/sysroot/usr/include/i686-linux-android
 /home/dudkiewm/Library/Android/sdk/ndk-bundle/toolchains/llvm/prebuilt/linux-x86_64/sysroot/usr/include
End of search list.
Linking CXX executable cmTC_06e13
/home/dudkiewm/.local/lib/python3.6/site-packages/cmake/data/bin/cmake -E cmake_link_script CMakeFiles/cmTC_06e13.dir/link.txt --verbose=1
/home/dudkiewm/Library/Android/sdk/ndk-bundle/toolchains/llvm/prebuilt/linux-x86_64/bin/clang++ --target=i686-none-linux-android28 --gcc-toolchain=/home/dudkiewm/Library/Android/sdk/ndk-bundle/toolchains/llvm/prebuilt/linux-x86_64 --sysroot=/home/dudkiewm/Library/Android/sdk/ndk-bundle/toolchains/llvm/prebuilt/linux-x86_64/sysroot -g -DANDROID -fdata-sections -ffunction-sections -funwind-tables -fstack-protector-strong -no-canonical-prefixes -D_FORTIFY_SOURCE=2 -Wformat    -Wl,--exclude-libs,libgcc.a -Wl,--exclude-libs,libgcc_real.a -Wl,--exclude-libs,libatomic.a -static-libstdc++ -Wl,--build-id=sha1 -Wl,--no-rosegment -Wl,--fatal-warnings -Wl,--no-undefined -Qunused-arguments -Wl,--gc-sections  -v CMakeFiles/cmTC_06e13.dir/CMakeCXXCompilerABI.cpp.o -o cmTC_06e13 
Android (6875598, based on r399163b) clang version 11.0.5 (https://android.googlesource.com/toolchain/llvm-project 87f1315dfbea7c137aa2e6d362dbb457e388158d)
Target: i686-none-linux-android28
Thread model: posix
InstalledDir: /home/dudkiewm/Library/Android/sdk/ndk-bundle/toolchains/llvm/prebuilt/linux-x86_64/bin
Found candidate GCC installation: /home/dudkiewm/Library/Android/sdk/ndk-bundle/toolchains/llvm/prebuilt/linux-x86_64/lib/gcc/i686-linux-android/4.9.x
Found candidate GCC installation: /home/dudkiewm/Library/Android/sdk/ndk-bundle/toolchains/llvm/prebuilt/linux-x86_64/lib/gcc/x86_64-linux-android/4.9.x
Selected GCC installation: /home/dudkiewm/Library/Android/sdk/ndk-bundle/toolchains/llvm/prebuilt/linux-x86_64/lib/gcc/i686-linux-android/4.9.x
Candidate multilib: .;@m32
Selected multilib: .;@m32
 "/home/dudkiewm/Library/Android/sdk/ndk-bundle/toolchains/llvm/prebuilt/linux-x86_64/bin/ld" --sysroot=/home/dudkiewm/Library/Android/sdk/ndk-bundle/toolchains/llvm/prebuilt/linux-x86_64/sysroot -pie -z noexecstack --warn-shared-textrel -z now -z relro --hash-style=gnu --enable-new-dtags --eh-frame-hdr -m elf_i386 -dynamic-linker /system/bin/linker -o cmTC_06e13 /home/dudkiewm/Library/Android/sdk/ndk-bundle/toolchains/llvm/prebuilt/linux-x86_64/sysroot/usr/lib/i686-linux-android/28/crtbegin_dynamic.o -L/home/dudkiewm/Library/Android/sdk/ndk-bundle/toolchains/llvm/prebuilt/linux-x86_64/lib64/clang/11.0.5/lib/linux/i386 -L/home/dudkiewm/Library/Android/sdk/ndk-bundle/toolchains/llvm/prebuilt/linux-x86_64/lib/gcc/i686-linux-android/4.9.x -L/home/dudkiewm/Library/Android/sdk/ndk-bundle/toolchains/llvm/prebuilt/linux-x86_64/sysroot/usr/lib/i686-linux-android/28 -L/home/dudkiewm/Library/Android/sdk/ndk-bundle/toolchains/llvm/prebuilt/linux-x86_64/sysroot/usr/lib/i686-linux-android -L/home/dudkiewm/Library/Android/sdk/ndk-bundle/toolchains/llvm/prebuilt/linux-x86_64/lib/gcc/i686-linux-android/4.9.x/../../../../i686-linux-android/lib -L/home/dudkiewm/Library/Android/sdk/ndk-bundle/toolchains/llvm/prebuilt/linux-x86_64/sysroot/usr/lib --exclude-libs libgcc.a --exclude-libs libgcc_real.a --exclude-libs libatomic.a --build-id=sha1 --no-rosegment --fatal-warnings --no-undefined --gc-sections CMakeFiles/cmTC_06e13.dir/CMakeCXXCompilerABI.cpp.o -Bstatic -lc++ -Bdynamic -lm -lgcc -ldl -lc -lgcc -ldl /home/dudkiewm/Library/Android/sdk/ndk-bundle/toolchains/llvm/prebuilt/linux-x86_64/sysroot/usr/lib/i686-linux-android/28/crtend_android.o
make[1]: Leaving directory '/home/dudkiewm/boden/MyFinances/build/android/std/AndroidStudio/tmp-cmake-gen/CMakeFiles/CMakeTmp'



Parsed CXX implicit include dir info from above output: rv=done
  found start of include info
  found start of implicit include info
    add: [/home/dudkiewm/Library/Android/sdk/ndk-bundle/toolchains/llvm/prebuilt/linux-x86_64/sysroot/usr/include/c++/v1]
    add: [/home/dudkiewm/Library/Android/sdk/ndk-bundle/toolchains/llvm/prebuilt/linux-x86_64/sysroot/usr/local/include]
    add: [/home/dudkiewm/Library/Android/sdk/ndk-bundle/toolchains/llvm/prebuilt/linux-x86_64/lib64/clang/11.0.5/include]
    add: [/home/dudkiewm/Library/Android/sdk/ndk-bundle/toolchains/llvm/prebuilt/linux-x86_64/sysroot/usr/include/i686-linux-android]
    add: [/home/dudkiewm/Library/Android/sdk/ndk-bundle/toolchains/llvm/prebuilt/linux-x86_64/sysroot/usr/include]
  end of search list found
  collapse include dir [/home/dudkiewm/Library/Android/sdk/ndk-bundle/toolchains/llvm/prebuilt/linux-x86_64/sysroot/usr/include/c++/v1] ==> [/home/dudkiewm/Library/Android/sdk/ndk-bundle/toolchains/llvm/prebuilt/linux-x86_64/sysroot/usr/include/c++/v1]
  collapse include dir [/home/dudkiewm/Library/Android/sdk/ndk-bundle/toolchains/llvm/prebuilt/linux-x86_64/sysroot/usr/local/include] ==> [/home/dudkiewm/Library/Android/sdk/ndk-bundle/toolchains/llvm/prebuilt/linux-x86_64/sysroot/usr/local/include]
  collapse include dir [/home/dudkiewm/Library/Android/sdk/ndk-bundle/toolchains/llvm/prebuilt/linux-x86_64/lib64/clang/11.0.5/include] ==> [/home/dudkiewm/Library/Android/sdk/ndk-bundle/toolchains/llvm/prebuilt/linux-x86_64/lib64/clang/11.0.5/include]
  collapse include dir [/home/dudkiewm/Library/Android/sdk/ndk-bundle/toolchains/llvm/prebuilt/linux-x86_64/sysroot/usr/include/i686-linux-android] ==> [/home/dudkiewm/Library/Android/sdk/ndk-bundle/toolchains/llvm/prebuilt/linux-x86_64/sysroot/usr/include/i686-linux-android]
  collapse include dir [/home/dudkiewm/Library/Android/sdk/ndk-bundle/toolchains/llvm/prebuilt/linux-x86_64/sysroot/usr/include] ==> [/home/dudkiewm/Library/Android/sdk/ndk-bundle/toolchains/llvm/prebuilt/linux-x86_64/sysroot/usr/include]
  implicit include dirs: [/home/dudkiewm/Library/Android/sdk/ndk-bundle/toolchains/llvm/prebuilt/linux-x86_64/sysroot/usr/include/c++/v1;/home/dudkiewm/Library/Android/sdk/ndk-bundle/toolchains/llvm/prebuilt/linux-x86_64/sysroot/usr/local/include;/home/dudkiewm/Library/Android/sdk/ndk-bundle/toolchains/llvm/prebuilt/linux-x86_64/lib64/clang/11.0.5/include;/home/dudkiewm/Library/Android/sdk/ndk-bundle/toolchains/llvm/prebuilt/linux-x86_64/sysroot/usr/include/i686-linux-android;/home/dudkiewm/Library/Android/sdk/ndk-bundle/toolchains/llvm/prebuilt/linux-x86_64/sysroot/usr/include]


Parsed CXX implicit link information from above output:
  link line regex: [^( *|.*[/\])(ld\.lld|CMAKE_LINK_STARTFILE-NOTFOUND|([^/\]+-)?ld|collect2)[^/\]*( |$)]
  ignore line: [Change Dir: /home/dudkiewm/boden/MyFinances/build/android/std/AndroidStudio/tmp-cmake-gen/CMakeFiles/CMakeTmp]
  ignore line: []
  ignore line: [Run Build Command(s):/usr/bin/make cmTC_06e13/fast && /usr/bin/make  -f CMakeFiles/cmTC_06e13.dir/build.make CMakeFiles/cmTC_06e13.dir/build]
  ignore line: [make[1]: Entering directory '/home/dudkiewm/boden/MyFinances/build/android/std/AndroidStudio/tmp-cmake-gen/CMakeFiles/CMakeTmp']
  ignore line: [Building CXX object CMakeFiles/cmTC_06e13.dir/CMakeCXXCompilerABI.cpp.o]
  ignore line: [/home/dudkiewm/Library/Android/sdk/ndk-bundle/toolchains/llvm/prebuilt/linux-x86_64/bin/clang++ --target=i686-none-linux-android28 --gcc-toolchain=/home/dudkiewm/Library/Android/sdk/ndk-bundle/toolchains/llvm/prebuilt/linux-x86_64 --sysroot=/home/dudkiewm/Library/Android/sdk/ndk-bundle/toolchains/llvm/prebuilt/linux-x86_64/sysroot   -g -DANDROID -fdata-sections -ffunction-sections -funwind-tables -fstack-protector-strong -no-canonical-prefixes -D_FORTIFY_SOURCE=2 -Wformat    -fPIE   -v -o CMakeFiles/cmTC_06e13.dir/CMakeCXXCompilerABI.cpp.o -c /home/dudkiewm/.local/lib/python3.6/site-packages/cmake/data/share/cmake-3.18/Modules/CMakeCXXCompilerABI.cpp]
  ignore line: [Android (6875598  based on r399163b) clang version 11.0.5 (https://android.googlesource.com/toolchain/llvm-project 87f1315dfbea7c137aa2e6d362dbb457e388158d)]
  ignore line: [Target: i686-none-linux-android28]
  ignore line: [Thread model: posix]
  ignore line: [InstalledDir: /home/dudkiewm/Library/Android/sdk/ndk-bundle/toolchains/llvm/prebuilt/linux-x86_64/bin]
  ignore line: [Found candidate GCC installation: /home/dudkiewm/Library/Android/sdk/ndk-bundle/toolchains/llvm/prebuilt/linux-x86_64/lib/gcc/i686-linux-android/4.9.x]
  ignore line: [Found candidate GCC installation: /home/dudkiewm/Library/Android/sdk/ndk-bundle/toolchains/llvm/prebuilt/linux-x86_64/lib/gcc/x86_64-linux-android/4.9.x]
  ignore line: [Selected GCC installation: /home/dudkiewm/Library/Android/sdk/ndk-bundle/toolchains/llvm/prebuilt/linux-x86_64/lib/gcc/i686-linux-android/4.9.x]
  ignore line: [Candidate multilib: .]
  ignore line: [@m32]
  ignore line: [Selected multilib: .]
  ignore line: [@m32]
  ignore line: [ (in-process)]
  ignore line: [ "/home/dudkiewm/Library/Android/sdk/ndk-bundle/toolchains/llvm/prebuilt/linux-x86_64/bin/clang++" -cc1 -triple i686-none-linux-android28 -emit-obj -mrelax-all -mnoexecstack -disable-free -disable-llvm-verifier -discard-value-names -main-file-name CMakeCXXCompilerABI.cpp -mrelocation-model pic -pic-level 2 -pic-is-pie -mframe-pointer=all -fno-rounding-math -mconstructor-aliases -munwind-tables -target-cpu i686 -target-feature +ssse3 -fno-split-dwarf-inlining -debug-info-kind=limited -dwarf-version=4 -debugger-tuning=gdb -v -ffunction-sections -fdata-sections -resource-dir /home/dudkiewm/Library/Android/sdk/ndk-bundle/toolchains/llvm/prebuilt/linux-x86_64/lib64/clang/11.0.5 -D ANDROID -D _FORTIFY_SOURCE=2 -isysroot /home/dudkiewm/Library/Android/sdk/ndk-bundle/toolchains/llvm/prebuilt/linux-x86_64/sysroot -internal-isystem /home/dudkiewm/Library/Android/sdk/ndk-bundle/toolchains/llvm/prebuilt/linux-x86_64/sysroot/usr/include/c++/v1 -internal-isystem /home/dudkiewm/Library/Android/sdk/ndk-bundle/toolchains/llvm/prebuilt/linux-x86_64/sysroot/usr/local/include -internal-isystem /home/dudkiewm/Library/Android/sdk/ndk-bundle/toolchains/llvm/prebuilt/linux-x86_64/lib64/clang/11.0.5/include -internal-externc-isystem /home/dudkiewm/Library/Android/sdk/ndk-bundle/toolchains/llvm/prebuilt/linux-x86_64/sysroot/usr/include/i686-linux-android -internal-externc-isystem /home/dudkiewm/Library/Android/sdk/ndk-bundle/toolchains/llvm/prebuilt/linux-x86_64/sysroot/include -internal-externc-isystem /home/dudkiewm/Library/Android/sdk/ndk-bundle/toolchains/llvm/prebuilt/linux-x86_64/sysroot/usr/include -Wformat -fdeprecated-macro -fdebug-compilation-dir /home/dudkiewm/boden/MyFinances/build/android/std/AndroidStudio/tmp-cmake-gen/CMakeFiles/CMakeTmp -ferror-limit 19 -stack-protector 2 -fgnuc-version=4.2.1 -fcxx-exceptions -fexceptions -o CMakeFiles/cmTC_06e13.dir/CMakeCXXCompilerABI.cpp.o -x c++ /home/dudkiewm/.local/lib/python3.6/site-packages/cmake/data/share/cmake-3.18/Modules/CMakeCXXCompilerABI.cpp]
  ignore line: [clang -cc1 version 11.0.5 based upon LLVM 11.0.5git default target x86_64-unknown-linux-gnu]
  ignore line: [ignoring nonexistent directory "/home/dudkiewm/Library/Android/sdk/ndk-bundle/toolchains/llvm/prebuilt/linux-x86_64/sysroot/include"]
  ignore line: [#include "..." search starts here:]
  ignore line: [#include <...> search starts here:]
  ignore line: [ /home/dudkiewm/Library/Android/sdk/ndk-bundle/toolchains/llvm/prebuilt/linux-x86_64/sysroot/usr/include/c++/v1]
  ignore line: [ /home/dudkiewm/Library/Android/sdk/ndk-bundle/toolchains/llvm/prebuilt/linux-x86_64/sysroot/usr/local/include]
  ignore line: [ /home/dudkiewm/Library/Android/sdk/ndk-bundle/toolchains/llvm/prebuilt/linux-x86_64/lib64/clang/11.0.5/include]
  ignore line: [ /home/dudkiewm/Library/Android/sdk/ndk-bundle/toolchains/llvm/prebuilt/linux-x86_64/sysroot/usr/include/i686-linux-android]
  ignore line: [ /home/dudkiewm/Library/Android/sdk/ndk-bundle/toolchains/llvm/prebuilt/linux-x86_64/sysroot/usr/include]
  ignore line: [End of search list.]
  ignore line: [Linking CXX executable cmTC_06e13]
  ignore line: [/home/dudkiewm/.local/lib/python3.6/site-packages/cmake/data/bin/cmake -E cmake_link_script CMakeFiles/cmTC_06e13.dir/link.txt --verbose=1]
  ignore line: [/home/dudkiewm/Library/Android/sdk/ndk-bundle/toolchains/llvm/prebuilt/linux-x86_64/bin/clang++ --target=i686-none-linux-android28 --gcc-toolchain=/home/dudkiewm/Library/Android/sdk/ndk-bundle/toolchains/llvm/prebuilt/linux-x86_64 --sysroot=/home/dudkiewm/Library/Android/sdk/ndk-bundle/toolchains/llvm/prebuilt/linux-x86_64/sysroot -g -DANDROID -fdata-sections -ffunction-sections -funwind-tables -fstack-protector-strong -no-canonical-prefixes -D_FORTIFY_SOURCE=2 -Wformat    -Wl --exclude-libs libgcc.a -Wl --exclude-libs libgcc_real.a -Wl --exclude-libs libatomic.a -static-libstdc++ -Wl --build-id=sha1 -Wl --no-rosegment -Wl --fatal-warnings -Wl --no-undefined -Qunused-arguments -Wl --gc-sections  -v CMakeFiles/cmTC_06e13.dir/CMakeCXXCompilerABI.cpp.o -o cmTC_06e13 ]
  ignore line: [Android (6875598  based on r399163b) clang version 11.0.5 (https://android.googlesource.com/toolchain/llvm-project 87f1315dfbea7c137aa2e6d362dbb457e388158d)]
  ignore line: [Target: i686-none-linux-android28]
  ignore line: [Thread model: posix]
  ignore line: [InstalledDir: /home/dudkiewm/Library/Android/sdk/ndk-bundle/toolchains/llvm/prebuilt/linux-x86_64/bin]
  ignore line: [Found candidate GCC installation: /home/dudkiewm/Library/Android/sdk/ndk-bundle/toolchains/llvm/prebuilt/linux-x86_64/lib/gcc/i686-linux-android/4.9.x]
  ignore line: [Found candidate GCC installation: /home/dudkiewm/Library/Android/sdk/ndk-bundle/toolchains/llvm/prebuilt/linux-x86_64/lib/gcc/x86_64-linux-android/4.9.x]
  ignore line: [Selected GCC installation: /home/dudkiewm/Library/Android/sdk/ndk-bundle/toolchains/llvm/prebuilt/linux-x86_64/lib/gcc/i686-linux-android/4.9.x]
  ignore line: [Candidate multilib: .]
  ignore line: [@m32]
  ignore line: [Selected multilib: .]
  ignore line: [@m32]
  link line: [ "/home/dudkiewm/Library/Android/sdk/ndk-bundle/toolchains/llvm/prebuilt/linux-x86_64/bin/ld" --sysroot=/home/dudkiewm/Library/Android/sdk/ndk-bundle/toolchains/llvm/prebuilt/linux-x86_64/sysroot -pie -z noexecstack --warn-shared-textrel -z now -z relro --hash-style=gnu --enable-new-dtags --eh-frame-hdr -m elf_i386 -dynamic-linker /system/bin/linker -o cmTC_06e13 /home/dudkiewm/Library/Android/sdk/ndk-bundle/toolchains/llvm/prebuilt/linux-x86_64/sysroot/usr/lib/i686-linux-android/28/crtbegin_dynamic.o -L/home/dudkiewm/Library/Android/sdk/ndk-bundle/toolchains/llvm/prebuilt/linux-x86_64/lib64/clang/11.0.5/lib/linux/i386 -L/home/dudkiewm/Library/Android/sdk/ndk-bundle/toolchains/llvm/prebuilt/linux-x86_64/lib/gcc/i686-linux-android/4.9.x -L/home/dudkiewm/Library/Android/sdk/ndk-bundle/toolchains/llvm/prebuilt/linux-x86_64/sysroot/usr/lib/i686-linux-android/28 -L/home/dudkiewm/Library/Android/sdk/ndk-bundle/toolchains/llvm/prebuilt/linux-x86_64/sysroot/usr/lib/i686-linux-android -L/home/dudkiewm/Library/Android/sdk/ndk-bundle/toolchains/llvm/prebuilt/linux-x86_64/lib/gcc/i686-linux-android/4.9.x/../../../../i686-linux-android/lib -L/home/dudkiewm/Library/Android/sdk/ndk-bundle/toolchains/llvm/prebuilt/linux-x86_64/sysroot/usr/lib --exclude-libs libgcc.a --exclude-libs libgcc_real.a --exclude-libs libatomic.a --build-id=sha1 --no-rosegment --fatal-warnings --no-undefined --gc-sections CMakeFiles/cmTC_06e13.dir/CMakeCXXCompilerABI.cpp.o -Bstatic -lc++ -Bdynamic -lm -lgcc -ldl -lc -lgcc -ldl /home/dudkiewm/Library/Android/sdk/ndk-bundle/toolchains/llvm/prebuilt/linux-x86_64/sysroot/usr/lib/i686-linux-android/28/crtend_android.o]
    arg [/home/dudkiewm/Library/Android/sdk/ndk-bundle/toolchains/llvm/prebuilt/linux-x86_64/bin/ld] ==> ignore
    arg [--sysroot=/home/dudkiewm/Library/Android/sdk/ndk-bundle/toolchains/llvm/prebuilt/linux-x86_64/sysroot] ==> ignore
    arg [-pie] ==> ignore
    arg [-znoexecstack] ==> ignore
    arg [--warn-shared-textrel] ==> ignore
    arg [-znow] ==> ignore
    arg [-zrelro] ==> ignore
    arg [--hash-style=gnu] ==> ignore
    arg [--enable-new-dtags] ==> ignore
    arg [--eh-frame-hdr] ==> ignore
    arg [-m] ==> ignore
    arg [elf_i386] ==> ignore
    arg [-dynamic-linker] ==> ignore
    arg [/system/bin/linker] ==> ignore
    arg [-o] ==> ignore
    arg [cmTC_06e13] ==> ignore
    arg [/home/dudkiewm/Library/Android/sdk/ndk-bundle/toolchains/llvm/prebuilt/linux-x86_64/sysroot/usr/lib/i686-linux-android/28/crtbegin_dynamic.o] ==> ignore
    arg [-L/home/dudkiewm/Library/Android/sdk/ndk-bundle/toolchains/llvm/prebuilt/linux-x86_64/lib64/clang/11.0.5/lib/linux/i386] ==> dir [/home/dudkiewm/Library/Android/sdk/ndk-bundle/toolchains/llvm/prebuilt/linux-x86_64/lib64/clang/11.0.5/lib/linux/i386]
    arg [-L/home/dudkiewm/Library/Android/sdk/ndk-bundle/toolchains/llvm/prebuilt/linux-x86_64/lib/gcc/i686-linux-android/4.9.x] ==> dir [/home/dudkiewm/Library/Android/sdk/ndk-bundle/toolchains/llvm/prebuilt/linux-x86_64/lib/gcc/i686-linux-android/4.9.x]
    arg [-L/home/dudkiewm/Library/Android/sdk/ndk-bundle/toolchains/llvm/prebuilt/linux-x86_64/sysroot/usr/lib/i686-linux-android/28] ==> dir [/home/dudkiewm/Library/Android/sdk/ndk-bundle/toolchains/llvm/prebuilt/linux-x86_64/sysroot/usr/lib/i686-linux-android/28]
    arg [-L/home/dudkiewm/Library/Android/sdk/ndk-bundle/toolchains/llvm/prebuilt/linux-x86_64/sysroot/usr/lib/i686-linux-android] ==> dir [/home/dudkiewm/Library/Android/sdk/ndk-bundle/toolchains/llvm/prebuilt/linux-x86_64/sysroot/usr/lib/i686-linux-android]
    arg [-L/home/dudkiewm/Library/Android/sdk/ndk-bundle/toolchains/llvm/prebuilt/linux-x86_64/lib/gcc/i686-linux-android/4.9.x/../../../../i686-linux-android/lib] ==> dir [/home/dudkiewm/Library/Android/sdk/ndk-bundle/toolchains/llvm/prebuilt/linux-x86_64/lib/gcc/i686-linux-android/4.9.x/../../../../i686-linux-android/lib]
    arg [-L/home/dudkiewm/Library/Android/sdk/ndk-bundle/toolchains/llvm/prebuilt/linux-x86_64/sysroot/usr/lib] ==> dir [/home/dudkiewm/Library/Android/sdk/ndk-bundle/toolchains/llvm/prebuilt/linux-x86_64/sysroot/usr/lib]
    arg [--exclude-libs] ==> ignore
    arg [libgcc.a] ==> ignore
    arg [--exclude-libs] ==> ignore
    arg [libgcc_real.a] ==> ignore
    arg [--exclude-libs] ==> ignore
    arg [libatomic.a] ==> ignore
    arg [--build-id=sha1] ==> ignore
    arg [--no-rosegment] ==> ignore
    arg [--fatal-warnings] ==> ignore
    arg [--no-undefined] ==> ignore
    arg [--gc-sections] ==> ignore
    arg [CMakeFiles/cmTC_06e13.dir/CMakeCXXCompilerABI.cpp.o] ==> ignore
    arg [-Bstatic] ==> ignore
    arg [-lc++] ==> lib [c++]
    arg [-Bdynamic] ==> ignore
    arg [-lm] ==> lib [m]
    arg [-lgcc] ==> lib [gcc]
    arg [-ldl] ==> lib [dl]
    arg [-lc] ==> lib [c]
    arg [-lgcc] ==> lib [gcc]
    arg [-ldl] ==> lib [dl]
    arg [/home/dudkiewm/Library/Android/sdk/ndk-bundle/toolchains/llvm/prebuilt/linux-x86_64/sysroot/usr/lib/i686-linux-android/28/crtend_android.o] ==> ignore
  collapse library dir [/home/dudkiewm/Library/Android/sdk/ndk-bundle/toolchains/llvm/prebuilt/linux-x86_64/lib64/clang/11.0.5/lib/linux/i386] ==> [/home/dudkiewm/Library/Android/sdk/ndk-bundle/toolchains/llvm/prebuilt/linux-x86_64/lib64/clang/11.0.5/lib/linux/i386]
  collapse library dir [/home/dudkiewm/Library/Android/sdk/ndk-bundle/toolchains/llvm/prebuilt/linux-x86_64/lib/gcc/i686-linux-android/4.9.x] ==> [/home/dudkiewm/Library/Android/sdk/ndk-bundle/toolchains/llvm/prebuilt/linux-x86_64/lib/gcc/i686-linux-android/4.9.x]
  collapse library dir [/home/dudkiewm/Library/Android/sdk/ndk-bundle/toolchains/llvm/prebuilt/linux-x86_64/sysroot/usr/lib/i686-linux-android/28] ==> [/home/dudkiewm/Library/Android/sdk/ndk-bundle/toolchains/llvm/prebuilt/linux-x86_64/sysroot/usr/lib/i686-linux-android/28]
  collapse library dir [/home/dudkiewm/Library/Android/sdk/ndk-bundle/toolchains/llvm/prebuilt/linux-x86_64/sysroot/usr/lib/i686-linux-android] ==> [/home/dudkiewm/Library/Android/sdk/ndk-bundle/toolchains/llvm/prebuilt/linux-x86_64/sysroot/usr/lib/i686-linux-android]
  collapse library dir [/home/dudkiewm/Library/Android/sdk/ndk-bundle/toolchains/llvm/prebuilt/linux-x86_64/lib/gcc/i686-linux-android/4.9.x/../../../../i686-linux-android/lib] ==> [/home/dudkiewm/Library/Android/sdk/ndk-bundle/toolchains/llvm/prebuilt/linux-x86_64/i686-linux-android/lib]
  collapse library dir [/home/dudkiewm/Library/Android/sdk/ndk-bundle/toolchains/llvm/prebuilt/linux-x86_64/sysroot/usr/lib] ==> [/home/dudkiewm/Library/Android/sdk/ndk-bundle/toolchains/llvm/prebuilt/linux-x86_64/sysroot/usr/lib]
  implicit libs: [c++;m;gcc;dl;c;gcc;dl]
  implicit dirs: [/home/dudkiewm/Library/Android/sdk/ndk-bundle/toolchains/llvm/prebuilt/linux-x86_64/lib64/clang/11.0.5/lib/linux/i386;/home/dudkiewm/Library/Android/sdk/ndk-bundle/toolchains/llvm/prebuilt/linux-x86_64/lib/gcc/i686-linux-android/4.9.x;/home/dudkiewm/Library/Android/sdk/ndk-bundle/toolchains/llvm/prebuilt/linux-x86_64/sysroot/usr/lib/i686-linux-android/28;/home/dudkiewm/Library/Android/sdk/ndk-bundle/toolchains/llvm/prebuilt/linux-x86_64/sysroot/usr/lib/i686-linux-android;/home/dudkiewm/Library/Android/sdk/ndk-bundle/toolchains/llvm/prebuilt/linux-x86_64/i686-linux-android/lib;/home/dudkiewm/Library/Android/sdk/ndk-bundle/toolchains/llvm/prebuilt/linux-x86_64/sysroot/usr/lib]
  implicit fwks: []


Performing C++ SOURCE FILE Test HAS_STD_FILESYSTEM succeeded with the following output:
Change Dir: /home/dudkiewm/boden/MyFinances/build/android/std/AndroidStudio/tmp-cmake-gen/CMakeFiles/CMakeTmp

Run Build Command(s):/usr/bin/make cmTC_30d5c/fast && /usr/bin/make  -f CMakeFiles/cmTC_30d5c.dir/build.make CMakeFiles/cmTC_30d5c.dir/build
make[1]: Wejcie do katalogu '/home/dudkiewm/boden/MyFinances/build/android/std/AndroidStudio/tmp-cmake-gen/CMakeFiles/CMakeTmp'
Building CXX object CMakeFiles/cmTC_30d5c.dir/src.cxx.o
/home/dudkiewm/Library/Android/sdk/ndk-bundle/toolchains/llvm/prebuilt/linux-x86_64/bin/clang++ --target=i686-none-linux-android28 --gcc-toolchain=/home/dudkiewm/Library/Android/sdk/ndk-bundle/toolchains/llvm/prebuilt/linux-x86_64 --sysroot=/home/dudkiewm/Library/Android/sdk/ndk-bundle/toolchains/llvm/prebuilt/linux-x86_64/sysroot   -g -DANDROID -fdata-sections -ffunction-sections -funwind-tables -fstack-protector-strong -no-canonical-prefixes -D_FORTIFY_SOURCE=2 -Wformat -Werror=format-security   -DHAS_STD_FILESYSTEM -std=c++17 -fPIE -std=gnu++17 -o CMakeFiles/cmTC_30d5c.dir/src.cxx.o -c /home/dudkiewm/boden/MyFinances/build/android/std/AndroidStudio/tmp-cmake-gen/CMakeFiles/CMakeTmp/src.cxx
Linking CXX executable cmTC_30d5c
/home/dudkiewm/.local/lib/python3.6/site-packages/cmake/data/bin/cmake -E cmake_link_script CMakeFiles/cmTC_30d5c.dir/link.txt --verbose=1
/home/dudkiewm/Library/Android/sdk/ndk-bundle/toolchains/llvm/prebuilt/linux-x86_64/bin/clang++ --target=i686-none-linux-android28 --gcc-toolchain=/home/dudkiewm/Library/Android/sdk/ndk-bundle/toolchains/llvm/prebuilt/linux-x86_64 --sysroot=/home/dudkiewm/Library/Android/sdk/ndk-bundle/toolchains/llvm/prebuilt/linux-x86_64/sysroot -g -DANDROID -fdata-sections -ffunction-sections -funwind-tables -fstack-protector-strong -no-canonical-prefixes -D_FORTIFY_SOURCE=2 -Wformat -Werror=format-security   -DHAS_STD_FILESYSTEM -std=c++17 -Wl,--exclude-libs,libgcc.a -Wl,--exclude-libs,libgcc_real.a -Wl,--exclude-libs,libatomic.a -static-libstdc++ -Wl,--build-id=sha1 -Wl,--no-rosegment -Wl,--fatal-warnings -Wl,--no-undefined -Qunused-arguments -Wl,--gc-sections   CMakeFiles/cmTC_30d5c.dir/src.cxx.o -o cmTC_30d5c  -latomic -lm 
make[1]: Opuszczenie katalogu '/home/dudkiewm/boden/MyFinances/build/android/std/AndroidStudio/tmp-cmake-gen/CMakeFiles/CMakeTmp'


Source file was:
#include <filesystem>
int main() { std::filesystem::space("/"); }
